<?xml version="1.0" encoding="utf-8"?><testsuites name="pytest tests"><testsuite name="pytest" errors="0" failures="0" skipped="1" tests="24" time="3.449" timestamp="2026-06-25T10:27:04.658237+00:00" hostname="agent-env-42a7d759-1fc8-490d-9764-c86d9fc17f13"><testcase classname="backend.tests.test_iteration_c.TestAuth" name="test_login_works" time="0.403" /><testcase classname="backend.tests.test_iteration_c.TestAuth" name="test_me_endpoint" time="0.418" /><testcase classname="backend.tests.test_iteration_c.TestCareerEventsInlineEdit" name="test_create_career_event" time="0.215" /><testcase classname="backend.tests.test_iteration_c.TestCareerEventsInlineEdit" name="test_patch_career_event" time="0.095" /><testcase classname="backend.tests.test_iteration_c.TestCareerEventsInlineEdit" name="test_get_career_events_list" time="0.102" /><testcase classname="backend.tests.test_iteration_c.TestCareerEventsInlineEdit" name="test_delete_career_event" time="0.134" /><testcase classname="backend.tests.test_iteration_c.TestCareerRolesInlineEdit" name="test_create_career_role" time="0.137" /><testcase classname="backend.tests.test_iteration_c.TestCareerRolesInlineEdit" name="test_patch_career_roles_in_patch_collections" time="0.094" /><testcase classname="backend.tests.test_iteration_c.TestCareerRolesInlineEdit" name="test_get_career_roles_list" time="0.159" /><testcase classname="backend.tests.test_iteration_c.TestCareerRolesInlineEdit" name="test_delete_career_role" time="0.099" /><testcase classname="backend.tests.test_iteration_c.TestCareerSkillsInlineEdit" name="test_create_career_skill" time="0.150" /><testcase classname="backend.tests.test_iteration_c.TestCareerSkillsInlineEdit" name="test_patch_career_skills_in_patch_collections" time="0.096" /><testcase classname="backend.tests.test_iteration_c.TestCareerSkillsInlineEdit" name="test_get_career_skills_list" time="0.098" /><testcase classname="backend.tests.test_iteration_c.TestCareerSkillsInlineEdit" name="test_delete_career_skill" time="0.099" /><testcase classname="backend.tests.test_iteration_c.TestFinanceInvestmentsXIRR" name="test_create_investment_with_purchase_date" time="0.104" /><testcase classname="backend.tests.test_iteration_c.TestFinanceInvestmentsXIRR" name="test_xirr_endpoint_returns_cagr" time="0.123" /><testcase classname="backend.tests.test_iteration_c.TestFinanceInvestmentsXIRR" name="test_xirr_structure" time="0.141" /><testcase classname="backend.tests.test_iteration_c.TestFinanceInvestmentsXIRR" name="test_delete_investment" time="0.094" /><testcase classname="backend.tests.test_iteration_c.TestFinanceInvestmentsList" name="test_get_investments_list" time="0.097" /><testcase classname="backend.tests.test_iteration_c.TestDocumentsLinkedRecords" name="test_list_documents" time="0.100" /><testcase classname="backend.tests.test_iteration_c.TestDocumentsLinkedRecords" name="test_document_linked_records_endpoint" time="0.094"><skipped type="pytest.skip" message="No documents found to test linked records">/app/backend/tests/test_iteration_c.py:311: No documents found to test linked records</skipped></testcase><testcase classname="backend.tests.test_iteration_c.TestNetWorthSeries" name="test_net_worth_series_endpoint" time="0.098" /><testcase classname="backend.tests.test_iteration_c.TestNetWorthSeries" name="test_net_worth_snapshot_structure" time="0.108" /><testcase classname="backend.tests.test_iteration_c.TestPatchCollections" name="test_patch_unknown_kind_returns_404" time="0.096" /></testsuite></testsuites>