<?xml version="1.0" encoding="utf-8"?><testsuites name="pytest tests"><testsuite name="pytest" errors="0" failures="0" skipped="0" tests="16" time="1.789" timestamp="2026-06-25T12:27:44.275538+00:00" hostname="agent-env-0925873e-6d30-4a6e-9e1e-0d5a4cbe808d"><testcase classname="backend.tests.test_iteration_g.TestAlertsAPI" name="test_alerts_returns_list" time="0.579" /><testcase classname="backend.tests.test_iteration_g.TestAlertsAPI" name="test_alerts_has_health_category" time="0.055" /><testcase classname="backend.tests.test_iteration_g.TestAlertsAPI" name="test_alerts_has_cholesterol_alert" time="0.073" /><testcase classname="backend.tests.test_iteration_g.TestAlertsAPI" name="test_alerts_cholesterol_alert_structure" time="0.055" /><testcase classname="backend.tests.test_iteration_g.TestAlertsAPI" name="test_alerts_anupam_cholesterol_member" time="0.055" /><testcase classname="backend.tests.test_iteration_g.TestAlertsAPI" name="test_alerts_no_auth_returns_401" time="0.130" /><testcase classname="backend.tests.test_iteration_g.TestInboxApplyGoals" name="test_goals_list_returns_array" time="0.046" /><testcase classname="backend.tests.test_iteration_g.TestInboxApplyGoals" name="test_emergency_fund_goal_exists" time="0.043" /><testcase classname="backend.tests.test_iteration_g.TestInboxApplyGoals" name="test_emergency_fund_target_is_500000" time="0.042" /><testcase classname="backend.tests.test_iteration_g.TestInboxApplyGoals" name="test_inbox_apply_with_empty_approved_goals_no_update" time="0.143" /><testcase classname="backend.tests.test_iteration_g.TestInboxApplyGoals" name="test_inbox_apply_with_approved_goal_updates_target" time="0.218" /><testcase classname="backend.tests.test_iteration_g.TestInboxApplyGoals" name="test_inbox_apply_no_approved_goals_field_keeps_goals" time="0.047" /><testcase classname="backend.tests.test_iteration_g.TestSearchAPI" name="test_search_cholesterol_returns_lab" time="0.046" /><testcase classname="backend.tests.test_iteration_g.TestSearchAPI" name="test_search_cholesterol_result_structure" time="0.046" /><testcase classname="backend.tests.test_iteration_g.TestSearchAPI" name="test_search_short_query_empty" time="0.047" /><testcase classname="backend.tests.test_iteration_g.TestSearchAPI" name="test_search_no_auth_401" time="0.100" /></testsuite></testsuites>