<?xml version="1.0" encoding="utf-8"?><testsuites name="pytest tests"><testsuite name="pytest" errors="0" failures="0" skipped="0" tests="23" time="37.429" timestamp="2026-06-25T12:00:25.408545+00:00" hostname="agent-env-0925873e-6d30-4a6e-9e1e-0d5a4cbe808d"><testcase classname="backend.tests.test_iteration_f.TestGlobalSearch" name="test_search_returns_array" time="0.460" /><testcase classname="backend.tests.test_iteration_f.TestGlobalSearch" name="test_search_short_query_returns_empty" time="0.043" /><testcase classname="backend.tests.test_iteration_f.TestGlobalSearch" name="test_search_result_structure" time="0.044" /><testcase classname="backend.tests.test_iteration_f.TestGlobalSearch" name="test_search_max_12_results" time="0.049" /><testcase classname="backend.tests.test_iteration_f.TestGlobalSearch" name="test_search_no_auth_returns_401" time="35.770" /><testcase classname="backend.tests.test_iteration_f.TestFinanceBudget" name="test_create_budget" time="0.107" /><testcase classname="backend.tests.test_iteration_f.TestFinanceBudget" name="test_list_budgets" time="0.047" /><testcase classname="backend.tests.test_iteration_f.TestFinanceBudget" name="test_list_budgets_has_actual_amount" time="0.047" /><testcase classname="backend.tests.test_iteration_f.TestFinanceBudget" name="test_update_budget" time="0.102" /><testcase classname="backend.tests.test_iteration_f.TestFinanceBudget" name="test_delete_budget" time="0.045" /><testcase classname="backend.tests.test_iteration_f.TestFinanceBudget" name="test_budget_not_found_after_delete" time="0.046" /><testcase classname="backend.tests.test_iteration_f.TestHealthEndpoints" name="test_health_vitals_list" time="0.043" /><testcase classname="backend.tests.test_iteration_f.TestHealthEndpoints" name="test_health_labs_list" time="0.052" /><testcase classname="backend.tests.test_iteration_f.TestHealthEndpoints" name="test_health_appointments_list" time="0.043" /><testcase classname="backend.tests.test_iteration_f.TestHealthEndpoints" name="test_health_active_medications_list" time="0.043" /><testcase classname="backend.tests.test_iteration_f.TestHealthEndpoints" name="test_health_prescriptions_list" time="0.045" /><testcase classname="backend.tests.test_iteration_f.TestFinanceSummary" name="test_finance_summary_endpoint" time="0.043" /><testcase classname="backend.tests.test_iteration_f.TestFinanceSummary" name="test_finance_transactions_list" time="0.045" /><testcase classname="backend.tests.test_iteration_f.TestFinanceSummary" name="test_finance_insurance_list" time="0.061" /><testcase classname="backend.tests.test_iteration_f.TestFinanceSummary" name="test_finance_subscriptions_list" time="0.042" /><testcase classname="backend.tests.test_iteration_f.TestFinanceSummary" name="test_create_insurance_expiring_soon" time="0.086" /><testcase classname="backend.tests.test_iteration_f.TestFinanceSummary" name="test_verify_insurance_in_list" time="0.050" /><testcase classname="backend.tests.test_iteration_f.TestFinanceSummary" name="test_cleanup_insurance" time="0.049" /></testsuite></testsuites>