<?xml version="1.0" encoding="utf-8"?><testsuites name="pytest tests"><testsuite name="pytest" errors="0" failures="0" skipped="0" tests="22" time="49.570" timestamp="2026-06-25T11:05:26.436911+00:00" hostname="agent-env-42a7d759-1fc8-490d-9764-c86d9fc17f13"><testcase classname="backend.tests.test_inbox_plan_upload.TestInboxText" name="test_text_submission_returns_200" time="3.982" /><testcase classname="backend.tests.test_inbox_plan_upload.TestInboxText" name="test_text_submission_returns_parsed_and_counts" time="2.677" /><testcase classname="backend.tests.test_inbox_plan_upload.TestInboxText" name="test_text_submission_counts_has_correct_keys" time="2.993" /><testcase classname="backend.tests.test_inbox_plan_upload.TestInboxText" name="test_text_submission_empty_text_returns_400" time="0.153" /><testcase classname="backend.tests.test_inbox_plan_upload.TestInboxText" name="test_text_submission_requires_auth" time="0.127" /><testcase classname="backend.tests.test_inbox_plan_upload.TestInboxFileDryRun" name="test_dry_run_returns_proposed_true" time="3.760" /><testcase classname="backend.tests.test_inbox_plan_upload.TestInboxFileDryRun" name="test_dry_run_returns_document_id" time="5.303" /><testcase classname="backend.tests.test_inbox_plan_upload.TestInboxFileDryRun" name="test_dry_run_returns_parsed_data" time="3.922" /><testcase classname="backend.tests.test_inbox_plan_upload.TestInboxFileDryRun" name="test_dry_run_does_not_create_transactions" time="4.987" /><testcase classname="backend.tests.test_inbox_plan_upload.TestInboxFileDryRun" name="test_dry_run_does_not_create_lab_results" time="4.539" /><testcase classname="backend.tests.test_inbox_plan_upload.TestInboxFileDryRun" name="test_dry_run_stores_document_in_db" time="2.982" /><testcase classname="backend.tests.test_inbox_plan_upload.TestInboxFileNoDryRun" name="test_no_dry_run_returns_counts" time="3.246" /><testcase classname="backend.tests.test_inbox_plan_upload.TestInboxFileNoDryRun" name="test_no_dry_run_returns_document_id" time="3.466" /><testcase classname="backend.tests.test_inbox_plan_upload.TestInboxApply" name="test_apply_all_types_returns_counts" time="0.129" /><testcase classname="backend.tests.test_inbox_plan_upload.TestInboxApply" name="test_apply_only_transactions_skips_lab_results" time="0.289" /><testcase classname="backend.tests.test_inbox_plan_upload.TestInboxApply" name="test_apply_only_lab_results_skips_transactions" time="0.295" /><testcase classname="backend.tests.test_inbox_plan_upload.TestInboxApply" name="test_apply_with_doc_id" time="5.878" /><testcase classname="backend.tests.test_inbox_plan_upload.TestInboxApply" name="test_apply_writes_to_update_log" time="0.289" /><testcase classname="backend.tests.test_inbox_plan_upload.TestInboxApply" name="test_apply_empty_selected_types_creates_nothing" time="0.191" /><testcase classname="backend.tests.test_inbox_plan_upload.TestInboxApply" name="test_apply_requires_auth" time="0.098" /><testcase classname="backend.tests.test_inbox_plan_upload.TestInboxLog" name="test_inbox_log_returns_list" time="0.097" /><testcase classname="backend.tests.test_inbox_plan_upload.TestInboxLog" name="test_inbox_log_has_recent_entries" time="0.101" /></testsuite></testsuites>